<?xml version="1.0" encoding="UTF-8"?>
<!-- Generated by org.testng.reporters.JUnitXMLReporter -->
<testsuite ignored="0" hostname="LAPYPRINCE" failures="0" tests="12" name="Default test" time="123.487" errors="0" timestamp="2024-08-28T12:51:42 IST">
  <testcase classname="PageWorks.ScenariosFinal" name="scenario1" time="2.641"/>
  <testcase classname="PageWorks.ScenariosFinal" name="scenario10" time="2.028"/>
  <testcase classname="PageWorks.ScenariosFinal" name="scenario11" time="2.172"/>
  <testcase classname="PageWorks.ScenariosFinal" name="scenario2" time="3.111"/>
  <testcase classname="PageWorks.ScenariosFinal" name="scenario3" time="3.849"/>
  <testcase classname="PageWorks.ScenariosFinal" name="scenario4" time="5.371"/>
  <testcase classname="PageWorks.ScenariosFinal" name="scenario5" time="2.133"/>
  <testcase classname="PageWorks.ScenariosFinal" name="scenario6" time="2.522"/>
  <testcase classname="PageWorks.ScenariosFinal" name="scenario7" time="2.11"/>
  <testcase classname="PageWorks.ScenariosFinal" name="scenario8" time="2.975"/>
  <testcase classname="PageWorks.ScenariosFinal" name="scenario9" time="2.828"/>
  <testcase classname="PageWorks.ScenariosFinal" name="selection" time="1.58"/>
</testsuite> <!-- Default test -->
