<?xml version="1.0" encoding="UTF-8"?>
<testng-results ignored="0" total="12" passed="12" failed="0" skipped="0">
  <reporter-output>
  </reporter-output>
  <suite started-at="2024-08-28T12:49:38 IST" name="Default suite" finished-at="2024-08-28T12:51:42 IST" duration-ms="123487">
    <groups>
    </groups>
    <test started-at="2024-08-28T12:49:38 IST" name="Default test" finished-at="2024-08-28T12:51:42 IST" duration-ms="123487">
      <class name="PageWorks.ScenariosFinal">
        <test-method is-config="true" signature="report()[pri:0, instance:PageWorks.ScenariosFinal@d737b89]" started-at="2024-08-28T12:49:39 IST" name="report" finished-at="2024-08-28T12:49:39 IST" duration-ms="332" status="PASS">
          <reporter-output>
          </reporter-output>
        </test-method> <!-- report -->
        <test-method is-config="true" signature="setup()[pri:0, instance:PageWorks.ScenariosFinal@d737b89]" started-at="2024-08-28T12:49:39 IST" name="setup" finished-at="2024-08-28T12:49:45 IST" duration-ms="6267" status="PASS">
          <reporter-output>
          </reporter-output>
        </test-method> <!-- setup -->
        <test-method signature="scenario1()[pri:0, instance:PageWorks.ScenariosFinal@d737b89]" started-at="2024-08-28T12:49:45 IST" name="scenario1" finished-at="2024-08-28T12:49:48 IST" duration-ms="2641" status="PASS">
          <reporter-output>
          </reporter-output>
        </test-method> <!-- scenario1 -->
        <test-method is-config="true" signature="end()[pri:0, instance:PageWorks.ScenariosFinal@d737b89]" started-at="2024-08-28T12:49:48 IST" name="end" finished-at="2024-08-28T12:49:50 IST" duration-ms="2512" status="PASS">
          <reporter-output>
          </reporter-output>
        </test-method> <!-- end -->
        <test-method is-config="true" signature="setup()[pri:0, instance:PageWorks.ScenariosFinal@d737b89]" started-at="2024-08-28T12:49:50 IST" name="setup" finished-at="2024-08-28T12:49:56 IST" duration-ms="5297" status="PASS">
          <reporter-output>
          </reporter-output>
        </test-method> <!-- setup -->
        <test-method signature="scenario10()[pri:0, instance:PageWorks.ScenariosFinal@d737b89]" started-at="2024-08-28T12:49:56 IST" name="scenario10" finished-at="2024-08-28T12:49:58 IST" duration-ms="2028" status="PASS">
          <reporter-output>
          </reporter-output>
        </test-method> <!-- scenario10 -->
        <test-method is-config="true" signature="end()[pri:0, instance:PageWorks.ScenariosFinal@d737b89]" started-at="2024-08-28T12:49:58 IST" name="end" finished-at="2024-08-28T12:50:00 IST" duration-ms="2517" status="PASS">
          <reporter-output>
          </reporter-output>
        </test-method> <!-- end -->
        <test-method is-config="true" signature="setup()[pri:0, instance:PageWorks.ScenariosFinal@d737b89]" started-at="2024-08-28T12:50:00 IST" name="setup" finished-at="2024-08-28T12:50:05 IST" duration-ms="4985" status="PASS">
          <reporter-output>
          </reporter-output>
        </test-method> <!-- setup -->
        <test-method signature="scenario11()[pri:0, instance:PageWorks.ScenariosFinal@d737b89]" started-at="2024-08-28T12:50:05 IST" name="scenario11" finished-at="2024-08-28T12:50:07 IST" duration-ms="2172" status="PASS">
          <reporter-output>
          </reporter-output>
        </test-method> <!-- scenario11 -->
        <test-method is-config="true" signature="end()[pri:0, instance:PageWorks.ScenariosFinal@d737b89]" started-at="2024-08-28T12:50:07 IST" name="end" finished-at="2024-08-28T12:50:10 IST" duration-ms="2393" status="PASS">
          <reporter-output>
          </reporter-output>
        </test-method> <!-- end -->
        <test-method is-config="true" signature="setup()[pri:0, instance:PageWorks.ScenariosFinal@d737b89]" started-at="2024-08-28T12:50:10 IST" name="setup" finished-at="2024-08-28T12:50:15 IST" duration-ms="5165" status="PASS">
          <reporter-output>
          </reporter-output>
        </test-method> <!-- setup -->
        <test-method signature="scenario2()[pri:0, instance:PageWorks.ScenariosFinal@d737b89]" started-at="2024-08-28T12:50:15 IST" name="scenario2" finished-at="2024-08-28T12:50:18 IST" duration-ms="3111" status="PASS">
          <reporter-output>
          </reporter-output>
        </test-method> <!-- scenario2 -->
        <test-method is-config="true" signature="end()[pri:0, instance:PageWorks.ScenariosFinal@d737b89]" started-at="2024-08-28T12:50:18 IST" name="end" finished-at="2024-08-28T12:50:20 IST" duration-ms="2506" status="PASS">
          <reporter-output>
          </reporter-output>
        </test-method> <!-- end -->
        <test-method is-config="true" signature="setup()[pri:0, instance:PageWorks.ScenariosFinal@d737b89]" started-at="2024-08-28T12:50:20 IST" name="setup" finished-at="2024-08-28T12:50:25 IST" duration-ms="4724" status="PASS">
          <reporter-output>
          </reporter-output>
        </test-method> <!-- setup -->
        <test-method signature="scenario3()[pri:0, instance:PageWorks.ScenariosFinal@d737b89]" started-at="2024-08-28T12:50:25 IST" name="scenario3" finished-at="2024-08-28T12:50:29 IST" duration-ms="3849" status="PASS">
          <reporter-output>
          </reporter-output>
        </test-method> <!-- scenario3 -->
        <test-method is-config="true" signature="end()[pri:0, instance:PageWorks.ScenariosFinal@d737b89]" started-at="2024-08-28T12:50:29 IST" name="end" finished-at="2024-08-28T12:50:31 IST" duration-ms="2421" status="PASS">
          <reporter-output>
          </reporter-output>
        </test-method> <!-- end -->
        <test-method is-config="true" signature="setup()[pri:0, instance:PageWorks.ScenariosFinal@d737b89]" started-at="2024-08-28T12:50:31 IST" name="setup" finished-at="2024-08-28T12:50:36 IST" duration-ms="4944" status="PASS">
          <reporter-output>
          </reporter-output>
        </test-method> <!-- setup -->
        <test-method signature="scenario4()[pri:0, instance:PageWorks.ScenariosFinal@d737b89]" started-at="2024-08-28T12:50:36 IST" name="scenario4" finished-at="2024-08-28T12:50:42 IST" duration-ms="5371" status="PASS">
          <reporter-output>
          </reporter-output>
        </test-method> <!-- scenario4 -->
        <test-method is-config="true" signature="end()[pri:0, instance:PageWorks.ScenariosFinal@d737b89]" started-at="2024-08-28T12:50:42 IST" name="end" finished-at="2024-08-28T12:50:44 IST" duration-ms="2481" status="PASS">
          <reporter-output>
          </reporter-output>
        </test-method> <!-- end -->
        <test-method is-config="true" signature="setup()[pri:0, instance:PageWorks.ScenariosFinal@d737b89]" started-at="2024-08-28T12:50:44 IST" name="setup" finished-at="2024-08-28T12:50:49 IST" duration-ms="4721" status="PASS">
          <reporter-output>
          </reporter-output>
        </test-method> <!-- setup -->
        <test-method signature="scenario5()[pri:0, instance:PageWorks.ScenariosFinal@d737b89]" started-at="2024-08-28T12:50:49 IST" name="scenario5" finished-at="2024-08-28T12:50:51 IST" duration-ms="2133" status="PASS">
          <reporter-output>
          </reporter-output>
        </test-method> <!-- scenario5 -->
        <test-method is-config="true" signature="end()[pri:0, instance:PageWorks.ScenariosFinal@d737b89]" started-at="2024-08-28T12:50:51 IST" name="end" finished-at="2024-08-28T12:50:54 IST" duration-ms="2507" status="PASS">
          <reporter-output>
          </reporter-output>
        </test-method> <!-- end -->
        <test-method is-config="true" signature="setup()[pri:0, instance:PageWorks.ScenariosFinal@d737b89]" started-at="2024-08-28T12:50:54 IST" name="setup" finished-at="2024-08-28T12:50:58 IST" duration-ms="4815" status="PASS">
          <reporter-output>
          </reporter-output>
        </test-method> <!-- setup -->
        <test-method signature="scenario6()[pri:0, instance:PageWorks.ScenariosFinal@d737b89]" started-at="2024-08-28T12:50:58 IST" name="scenario6" finished-at="2024-08-28T12:51:01 IST" duration-ms="2522" status="PASS">
          <reporter-output>
          </reporter-output>
        </test-method> <!-- scenario6 -->
        <test-method is-config="true" signature="end()[pri:0, instance:PageWorks.ScenariosFinal@d737b89]" started-at="2024-08-28T12:51:01 IST" name="end" finished-at="2024-08-28T12:51:03 IST" duration-ms="2402" status="PASS">
          <reporter-output>
          </reporter-output>
        </test-method> <!-- end -->
        <test-method is-config="true" signature="setup()[pri:0, instance:PageWorks.ScenariosFinal@d737b89]" started-at="2024-08-28T12:51:03 IST" name="setup" finished-at="2024-08-28T12:51:08 IST" duration-ms="4554" status="PASS">
          <reporter-output>
          </reporter-output>
        </test-method> <!-- setup -->
        <test-method signature="scenario7()[pri:0, instance:PageWorks.ScenariosFinal@d737b89]" started-at="2024-08-28T12:51:08 IST" name="scenario7" finished-at="2024-08-28T12:51:10 IST" duration-ms="2110" status="PASS">
          <reporter-output>
          </reporter-output>
        </test-method> <!-- scenario7 -->
        <test-method is-config="true" signature="end()[pri:0, instance:PageWorks.ScenariosFinal@d737b89]" started-at="2024-08-28T12:51:10 IST" name="end" finished-at="2024-08-28T12:51:12 IST" duration-ms="2391" status="PASS">
          <reporter-output>
          </reporter-output>
        </test-method> <!-- end -->
        <test-method is-config="true" signature="setup()[pri:0, instance:PageWorks.ScenariosFinal@d737b89]" started-at="2024-08-28T12:51:12 IST" name="setup" finished-at="2024-08-28T12:51:17 IST" duration-ms="4627" status="PASS">
          <reporter-output>
          </reporter-output>
        </test-method> <!-- setup -->
        <test-method signature="scenario8()[pri:0, instance:PageWorks.ScenariosFinal@d737b89]" started-at="2024-08-28T12:51:17 IST" name="scenario8" finished-at="2024-08-28T12:51:20 IST" duration-ms="2975" status="PASS">
          <reporter-output>
          </reporter-output>
        </test-method> <!-- scenario8 -->
        <test-method is-config="true" signature="end()[pri:0, instance:PageWorks.ScenariosFinal@d737b89]" started-at="2024-08-28T12:51:20 IST" name="end" finished-at="2024-08-28T12:51:23 IST" duration-ms="2501" status="PASS">
          <reporter-output>
          </reporter-output>
        </test-method> <!-- end -->
        <test-method is-config="true" signature="setup()[pri:0, instance:PageWorks.ScenariosFinal@d737b89]" started-at="2024-08-28T12:51:23 IST" name="setup" finished-at="2024-08-28T12:51:27 IST" duration-ms="4531" status="PASS">
          <reporter-output>
          </reporter-output>
        </test-method> <!-- setup -->
        <test-method signature="scenario9()[pri:0, instance:PageWorks.ScenariosFinal@d737b89]" started-at="2024-08-28T12:51:27 IST" name="scenario9" finished-at="2024-08-28T12:51:30 IST" duration-ms="2828" status="PASS">
          <reporter-output>
          </reporter-output>
        </test-method> <!-- scenario9 -->
        <test-method is-config="true" signature="end()[pri:0, instance:PageWorks.ScenariosFinal@d737b89]" started-at="2024-08-28T12:51:30 IST" name="end" finished-at="2024-08-28T12:51:32 IST" duration-ms="2437" status="PASS">
          <reporter-output>
          </reporter-output>
        </test-method> <!-- end -->
        <test-method is-config="true" signature="setup()[pri:0, instance:PageWorks.ScenariosFinal@d737b89]" started-at="2024-08-28T12:51:32 IST" name="setup" finished-at="2024-08-28T12:51:37 IST" duration-ms="5077" status="PASS">
          <reporter-output>
          </reporter-output>
        </test-method> <!-- setup -->
        <test-method signature="selection()[pri:0, instance:PageWorks.ScenariosFinal@d737b89]" started-at="2024-08-28T12:51:37 IST" name="selection" finished-at="2024-08-28T12:51:39 IST" duration-ms="1580" status="PASS">
          <reporter-output>
          </reporter-output>
        </test-method> <!-- selection -->
        <test-method is-config="true" signature="end()[pri:0, instance:PageWorks.ScenariosFinal@d737b89]" started-at="2024-08-28T12:51:39 IST" name="end" finished-at="2024-08-28T12:51:41 IST" duration-ms="2464" status="PASS">
          <reporter-output>
          </reporter-output>
        </test-method> <!-- end -->
        <test-method is-config="true" signature="donereporting()[pri:0, instance:PageWorks.ScenariosFinal@d737b89]" started-at="2024-08-28T12:51:41 IST" name="donereporting" finished-at="2024-08-28T12:51:42 IST" duration-ms="465" status="PASS">
          <reporter-output>
          </reporter-output>
        </test-method> <!-- donereporting -->
      </class> <!-- PageWorks.ScenariosFinal -->
    </test> <!-- Default test -->
  </suite> <!-- Default suite -->
</testng-results>
